2025-09-20 07:19:24.795: [INFO] VisibilityChanged: 0
2025-09-20 07:19:24.848: [INFO] RecordSyncInitDuration has_sync_been_enabled: 0 state: 0
2025-09-20 07:19:24.850: [INFO] RecordSyncInitDuration has_sync_been_enabled: 0 state: 0
2025-09-20 07:19:24.851: [INFO] RecordSyncInitDuration has_sync_been_enabled: 0 state: 0
2025-09-20 07:19:24.852: [INFO] RecordSyncInitDuration has_sync_been_enabled: 0 state: 0
2025-09-20 07:19:24.853: [INFO] RecordSyncInitDuration has_sync_been_enabled: 0 state: 0
2025-09-20 07:19:24.853: [INFO] RecordSyncInitDuration has_sync_been_enabled: 0 state: 0
2025-09-20 07:19:24.854: [INFO] RecordSyncInitDuration has_sync_been_enabled: 0 state: 0
2025-09-20 07:19:24.855: [INFO] RecordSyncInitDuration has_sync_been_enabled: 0 state: 0
2025-09-20 07:19:24.856: [INFO] RecordSyncInitDuration has_sync_been_enabled: 0 state: 0
2025-09-20 07:19:24.857: [INFO] RecordSyncInitDuration has_sync_been_enabled: 0 state: 0
2025-09-20 07:19:24.857: [INFO] RecordSyncInitDuration has_sync_been_enabled: 0 state: 0
2025-09-20 07:19:24.864: [INFO] BookmarkNodeAdded, ABU: 0
2025-09-20 07:19:24.864: [INFO] BookmarkNodeAdded, ABU: 0
2025-09-20 07:19:24.864: [INFO] BookmarkNodeAdded, ABU: 0
2025-09-20 07:19:24.864: [INFO] BookmarkModelLoaded, ids_reassigned: 0
2025-09-20 07:19:24.864: [INFO] OnDoneLoading sync enabled: 0
2025-09-20 07:19:24.912: [INFO] RecordSyncInitDuration has_sync_been_enabled: 0 state: 0
2025-09-20 08:01:21.855: [INFO] VisibilityChanged: 0
2025-09-20 08:01:21.916: [INFO] BookmarkNodeAdded, ABU: 0
2025-09-20 08:01:21.916: [INFO] BookmarkNodeAdded, ABU: 0
2025-09-20 08:01:21.916: [INFO] BookmarkNodeAdded, ABU: 0
2025-09-20 08:01:21.916: [INFO] BookmarkModelLoaded, ids_reassigned: 0
2025-09-20 08:01:21.916: [INFO] OnDoneLoading sync enabled: 0
2025-09-20 08:01:21.918: [INFO] RecordSyncInitDuration has_sync_been_enabled: 0 state: 0
